Using pre-set license
Built from '2020.3/staging' branch; Version is '2020.3.11f1 (99c7afb366b3) revision 10078127'; Using compiler version '192528614'; Build Type 'Release'
OS: 'Windows 10 Pro; OS build 19042.1288; Version 2009; 64bit' Language: 'es' Physical Memory: 16321 MB
BatchMode: 1, IsHumanControllingUs: 0, StartBugReporterOnCrash: 0, Is64bit: 1, IsPro: 0

 COMMAND LINE ARGUMENTS:
D:\PROGRAMAS\Unity\2020.3.11f1\Editor\Unity.exe
-adb2
-batchMode
-noUpm
-name
AssetImportWorker0
-projectPath
D:/Universidad Ingenieria Mike/Cuatrimestre 3/Programacion de videojuegos/Unidad 2/Unity/2D PUN Multiplayer
-logFile
Logs/AssetImportWorker0.log
-srvPort
59195
Successfully changed project path to: D:/Universidad Ingenieria Mike/Cuatrimestre 3/Programacion de videojuegos/Unidad 2/Unity/2D PUN Multiplayer
D:/Universidad Ingenieria Mike/Cuatrimestre 3/Programacion de videojuegos/Unidad 2/Unity/2D PUN Multiplayer
Using Asset Import Pipeline V2.
Refreshing native plugins compatible for Editor in 49.62 ms, found 3 plugins.
Preloading 0 native plugins for Editor in 0.00 ms.
Initialize engine version: 2020.3.11f1 (99c7afb366b3)
[Subsystems] Discovering subsystems at path D:/PROGRAMAS/Unity/2020.3.11f1/Editor/Data/Resources/UnitySubsystems
[Subsystems] Discovering subsystems at path D:/Universidad Ingenieria Mike/Cuatrimestre 3/Programacion de videojuegos/Unidad 2/Unity/2D PUN Multiplayer/Assets
GfxDevice: creating device client; threaded=0
Direct3D:
    Version:  Direct3D 11.0 [level 11.1]
    Renderer: NVIDIA GeForce GTX 1660 (ID=0x2184)
    Vendor:   
    VRAM:     5991 MB
    Driver:   27.21.14.5671
Initialize mono
Mono path[0] = 'D:/PROGRAMAS/Unity/2020.3.11f1/Editor/Data/Managed'
Mono path[1] = 'D:/PROGRAMAS/Unity/2020.3.11f1/Editor/Data/MonoBleedingEdge/lib/mono/unityjit'
Mono config path = 'D:/PROGRAMAS/Unity/2020.3.11f1/Editor/Data/MonoBleedingEdge/etc'
Using monoOptions --debugger-agent=transport=dt_socket,embedding=1,server=y,suspend=n,address=127.0.0.1:56428
Begin MonoManager ReloadAssembly
Registering precompiled unity dll's ...
Register platform support module: D:/PROGRAMAS/Unity/2020.3.11f1/Editor/Data/PlaybackEngines/WebGLSupport/UnityEditor.WebGL.Extensions.dll
Register platform support module: D:/PROGRAMAS/Unity/2020.3.11f1/Editor/Data/PlaybackEngines/WindowsStandaloneSupport/UnityEditor.WindowsStandalone.Extensions.dll
Registered in 0.001508 seconds.
Native extension for WindowsStandalone target not found
Native extension for WebGL target not found
Refreshing native plugins compatible for Editor in 47.16 ms, found 3 plugins.
Preloading 0 native plugins for Editor in 0.00 ms.
Mono: successfully reloaded assembly
- Completed reload, in  1.030 seconds
Platform modules already initialized, skipping
Registering precompiled user dll's ...
Registered in 0.005104 seconds.
Begin MonoManager ReloadAssembly
Native extension for WindowsStandalone target not found
Native extension for WebGL target not found
Refreshing native plugins compatible for Editor in 44.64 ms, found 3 plugins.
Preloading 0 native plugins for Editor in 0.00 ms.
Mono: successfully reloaded assembly
- Completed reload, in  1.209 seconds
Platform modules already initialized, skipping
========================================================================
Worker process is ready to serve import requests
Launched and connected shader compiler UnityShaderCompiler.exe after 0.09 seconds
Refreshing native plugins compatible for Editor in 0.51 ms, found 3 plugins.
Preloading 0 native plugins for Editor in 0.00 ms.
Unloading 2307 Unused Serialized files (Serialized files now loaded: 0)
System memory in use before: 101.0 MB.
System memory in use after: 101.0 MB.

Unloading 39 unused Assets to reduce memory usage. Loaded Objects now: 2735.
Total: 3.108600 ms (FindLiveObjects: 0.243700 ms CreateObjectMapping: 0.133200 ms MarkObjects: 2.494800 ms  DeleteObjects: 0.235700 ms)

========================================================================
Received Import Request.
  path: Assets/Project/Scripts/PhotonManager.cs
  artifactKey: Guid(60905a13ffc31be44a0feb859a074bed) Importer(815301076,1909f56bfc062723c751e8b465ee728b)
Start importing Assets/Project/Scripts/PhotonManager.cs using Guid(60905a13ffc31be44a0feb859a074bed) Importer(815301076,1909f56bfc062723c751e8b465ee728b)  -> (artifact id: '20dbcbd00cb486395f3cc83792fe51f1') in 0.086999 seconds
  Import took 0.091054 seconds .

========================================================================
Received Prepare
Registering precompiled user dll's ...
Registered in 0.006424 seconds.
Begin MonoManager ReloadAssembly
Native extension for WindowsStandalone target not found
Native extension for WebGL target not found
Refreshing native plugins compatible for Editor in 0.52 ms, found 3 plugins.
Preloading 0 native plugins for Editor in 0.00 ms.
Mono: successfully reloaded assembly
- Completed reload, in  1.086 seconds
Platform modules already initialized, skipping
Refreshing native plugins compatible for Editor in 0.66 ms, found 3 plugins.
Preloading 0 native plugins for Editor in 0.00 ms.
Unloading 2301 Unused Serialized files (Serialized files now loaded: 0)
System memory in use before: 100.9 MB.
System memory in use after: 101.0 MB.

Unloading 26 unused Assets to reduce memory usage. Loaded Objects now: 2740.
Total: 2.657700 ms (FindLiveObjects: 0.204700 ms CreateObjectMapping: 0.098400 ms MarkObjects: 2.210400 ms  DeleteObjects: 0.143300 ms)

========================================================================
Received Import Request.
  Time since last request: 40.312269 seconds.
  path: Assets/Project/Scripts/PhotonManager.cs
  artifactKey: Guid(60905a13ffc31be44a0feb859a074bed) Importer(815301076,1909f56bfc062723c751e8b465ee728b)
Start importing Assets/Project/Scripts/PhotonManager.cs using Guid(60905a13ffc31be44a0feb859a074bed) Importer(815301076,1909f56bfc062723c751e8b465ee728b)  -> (artifact id: '179657e03ed74880bc4861ce3f900878') in 0.005305 seconds
  Import took 0.008789 seconds .

========================================================================
Received Import Request.
  Time since last request: 354.055972 seconds.
  path: Assets/Project/Scenes/MainMenu.unity
  artifactKey: Guid(e462827bdb54c214eb3a8e1dc088ada1) Importer(815301076,1909f56bfc062723c751e8b465ee728b)
Start importing Assets/Project/Scenes/MainMenu.unity using Guid(e462827bdb54c214eb3a8e1dc088ada1) Importer(815301076,1909f56bfc062723c751e8b465ee728b)  -> (artifact id: 'e292da6a0e3363dc835da239baa51f4a') in 0.025242 seconds
  Import took 0.029319 seconds .

========================================================================
Received Import Request.
  Time since last request: 143.410657 seconds.
  path: Assets/Photon/PhotonUnityNetworking/Demos/Shared Assets/Skin/eurof35.ttf
  artifactKey: Guid(954746d370bc8934299c8c8267543f4f) Importer(815301076,1909f56bfc062723c751e8b465ee728b)
Start importing Assets/Photon/PhotonUnityNetworking/Demos/Shared Assets/Skin/eurof35.ttf using Guid(954746d370bc8934299c8c8267543f4f) Importer(815301076,1909f56bfc062723c751e8b465ee728b)  -> (artifact id: 'ff721e89c61bdf58bcee8cff845c59d5') in 0.248409 seconds
  Import took 0.252485 seconds .

========================================================================
Received Import Request.
  Time since last request: 0.000314 seconds.
  path: Assets/Photon/PhotonUnityNetworking/Demos/Shared Assets/Skin/Orbitron Black.ttf
  artifactKey: Guid(495c9e2a934bcc640a8d7427b13cb680) Importer(815301076,1909f56bfc062723c751e8b465ee728b)
Start importing Assets/Photon/PhotonUnityNetworking/Demos/Shared Assets/Skin/Orbitron Black.ttf using Guid(495c9e2a934bcc640a8d7427b13cb680) Importer(815301076,1909f56bfc062723c751e8b465ee728b)  -> (artifact id: '837c95b034563388e9ceecc44e5ce340') in 0.062478 seconds
  Import took 0.066616 seconds .

========================================================================
Received Import Request.
  Time since last request: 0.000267 seconds.
  path: Assets/Photon/PhotonUnityNetworking/Demos/Shared Assets/Skin/eurof35.ttf
  artifactKey: Guid(954746d370bc8934299c8c8267543f4f) Importer(815301076,1909f56bfc062723c751e8b465ee728b)
Start importing Assets/Photon/PhotonUnityNetworking/Demos/Shared Assets/Skin/eurof35.ttf using Guid(954746d370bc8934299c8c8267543f4f) Importer(815301076,1909f56bfc062723c751e8b465ee728b)  -> (artifact id: 'ff721e89c61bdf58bcee8cff845c59d5') in 0.011755 seconds
  Import took 0.016453 seconds .

========================================================================
Received Import Request.
  Time since last request: 0.000272 seconds.
  path: Assets/Photon/PhotonRealtime/Demos/DemoLoadBalancing/Jura-Medium-LB.ttf
  artifactKey: Guid(4a4df204c321f9c40b0dbfb1baaffb4c) Importer(815301076,1909f56bfc062723c751e8b465ee728b)
Start importing Assets/Photon/PhotonRealtime/Demos/DemoLoadBalancing/Jura-Medium-LB.ttf using Guid(4a4df204c321f9c40b0dbfb1baaffb4c) Importer(815301076,1909f56bfc062723c751e8b465ee728b)  -> (artifact id: 'ec8405162684220a43eed9d3077a5a23') in 0.038212 seconds
  Import took 0.042111 seconds .

========================================================================
Received Import Request.
  Time since last request: 0.000284 seconds.
  path: Assets/Photon/PhotonUnityNetworking/Demos/Shared Assets/Skin/Jura-Medium.ttf
  artifactKey: Guid(e00995507c2406448b4c8429136104dd) Importer(815301076,1909f56bfc062723c751e8b465ee728b)
Start importing Assets/Photon/PhotonUnityNetworking/Demos/Shared Assets/Skin/Jura-Medium.ttf using Guid(e00995507c2406448b4c8429136104dd) Importer(815301076,1909f56bfc062723c751e8b465ee728b)  -> (artifact id: 'ddc23875910a7cbb486e04aab7751db9') in 0.036987 seconds
  Import took 0.040924 seconds .

========================================================================
Received Import Request.
  Time since last request: 0.001537 seconds.
  path: Assets/Photon/PhotonRealtime/Demos/DemoLoadBalancing/Jura-Medium-LB.ttf
  artifactKey: Guid(4a4df204c321f9c40b0dbfb1baaffb4c) Importer(815301076,1909f56bfc062723c751e8b465ee728b)
Start importing Assets/Photon/PhotonRealtime/Demos/DemoLoadBalancing/Jura-Medium-LB.ttf using Guid(4a4df204c321f9c40b0dbfb1baaffb4c) Importer(815301076,1909f56bfc062723c751e8b465ee728b)  -> (artifact id: 'ec8405162684220a43eed9d3077a5a23') in 0.009296 seconds
  Import took 0.013429 seconds .

========================================================================
Received Import Request.
  Time since last request: 364.166405 seconds.
  path: Assets/Project/Scenes/Level1.unity
  artifactKey: Guid(b9f7c89c57c8b3d4498711f159bacefe) Importer(815301076,1909f56bfc062723c751e8b465ee728b)
Start importing Assets/Project/Scenes/Level1.unity using Guid(b9f7c89c57c8b3d4498711f159bacefe) Importer(815301076,1909f56bfc062723c751e8b465ee728b)  -> (artifact id: 'ede4025d6bdc8ae198ef01893dae4d46') in 0.008625 seconds
  Import took 0.039012 seconds .

========================================================================
Received Import Request.
  Time since last request: 787.549225 seconds.
  path: Assets/DinV/Dynamic Space Background/Sprites
  artifactKey: Guid(3ec1885b01800f2418a75597e3cc12b1) Importer(815301076,1909f56bfc062723c751e8b465ee728b)
Start importing Assets/DinV/Dynamic Space Background/Sprites using Guid(3ec1885b01800f2418a75597e3cc12b1) Importer(815301076,1909f56bfc062723c751e8b465ee728b)  -> (artifact id: 'bb09a9870e5d566b13da4b159d0e5c9d') in 0.007106 seconds
  Import took 0.011996 seconds .

========================================================================
Received Import Request.
  Time since last request: 0.055878 seconds.
  path: Assets/DinV/Dynamic Space Background/Sprites/Nebula Aqua-Pink.png
  artifactKey: Guid(d9b31ebd60af68c469212c1a9f513e74) Importer(815301076,1909f56bfc062723c751e8b465ee728b)
Start importing Assets/DinV/Dynamic Space Background/Sprites/Nebula Aqua-Pink.png using Guid(d9b31ebd60af68c469212c1a9f513e74) Importer(815301076,1909f56bfc062723c751e8b465ee728b)  -> (artifact id: '07c0f10be247aad38d68258dbe9fd966') in 0.082996 seconds
  Import took 0.098201 seconds .

========================================================================
Received Import Request.
  Time since last request: 0.000373 seconds.
  path: Assets/DinV/Dynamic Space Background/Sprites/Nebula Blue.png
  artifactKey: Guid(ddcac1fac1f5c8943a30c2ef6b724062) Importer(815301076,1909f56bfc062723c751e8b465ee728b)
Start importing Assets/DinV/Dynamic Space Background/Sprites/Nebula Blue.png using Guid(ddcac1fac1f5c8943a30c2ef6b724062) Importer(815301076,1909f56bfc062723c751e8b465ee728b)  -> (artifact id: 'acb8cc8e1b8c34795adfaa1c42a90674') in 0.058406 seconds
  Import took 0.062685 seconds .

========================================================================
Received Import Request.
  Time since last request: 0.000360 seconds.
  path: Assets/DinV/Dynamic Space Background/Sprites/Stars-Big_1.png
  artifactKey: Guid(c6944f9f15bd0ca4087bcdf033f0e162) Importer(815301076,1909f56bfc062723c751e8b465ee728b)
Start importing Assets/DinV/Dynamic Space Background/Sprites/Stars-Big_1.png using Guid(c6944f9f15bd0ca4087bcdf033f0e162) Importer(815301076,1909f56bfc062723c751e8b465ee728b)  -> (artifact id: '38e58fc5e47075177de4acd83c364ebd') in 0.016946 seconds
  Import took 0.020640 seconds .

========================================================================
Received Import Request.
  Time since last request: 0.000295 seconds.
  path: Assets/DinV/Dynamic Space Background/Sprites/Nebula Red.png
  artifactKey: Guid(35313af049b4a2f42a0325330c51d74a) Importer(815301076,1909f56bfc062723c751e8b465ee728b)
Start importing Assets/DinV/Dynamic Space Background/Sprites/Nebula Red.png using Guid(35313af049b4a2f42a0325330c51d74a) Importer(815301076,1909f56bfc062723c751e8b465ee728b)  -> (artifact id: 'a8d2ebfe9a783a8192a75ef37d968db8') in 0.036003 seconds
  Import took 0.041649 seconds .

========================================================================
Received Import Request.
  Time since last request: 0.000281 seconds.
  path: Assets/DinV/Dynamic Space Background/Sprites/Stars Small_1.png
  artifactKey: Guid(efe6ce32a6a4408489775c70e5d32f11) Importer(815301076,1909f56bfc062723c751e8b465ee728b)
Start importing Assets/DinV/Dynamic Space Background/Sprites/Stars Small_1.png using Guid(efe6ce32a6a4408489775c70e5d32f11) Importer(815301076,1909f56bfc062723c751e8b465ee728b)  -> (artifact id: '7834661fa2966073c76a0129145a5507') in 0.043006 seconds
  Import took 0.048317 seconds .

========================================================================
Received Import Request.
  Time since last request: 13.568064 seconds.
  path: Assets/Project/BackGrounds
  artifactKey: Guid(d625513ade51643469f3ea4c8d812843) Importer(815301076,1909f56bfc062723c751e8b465ee728b)
Start importing Assets/Project/BackGrounds using Guid(d625513ade51643469f3ea4c8d812843) Importer(815301076,1909f56bfc062723c751e8b465ee728b)  -> (artifact id: 'e56aa638c8f70da1eb11d8d1baa5ec8c') in 0.008539 seconds
  Import took 0.013048 seconds .

========================================================================
Received Prepare
Registering precompiled user dll's ...
Registered in 0.005285 seconds.
Begin MonoManager ReloadAssembly
Native extension for WindowsStandalone target not found
Native extension for WebGL target not found
Refreshing native plugins compatible for Editor in 0.53 ms, found 3 plugins.
Preloading 0 native plugins for Editor in 0.00 ms.
Mono: successfully reloaded assembly
- Completed reload, in  1.049 seconds
Platform modules already initialized, skipping
Refreshing native plugins compatible for Editor in 0.57 ms, found 3 plugins.
Preloading 0 native plugins for Editor in 0.00 ms.
Unloading 2301 Unused Serialized files (Serialized files now loaded: 0)
System memory in use before: 104.3 MB.
System memory in use after: 104.3 MB.

Unloading 26 unused Assets to reduce memory usage. Loaded Objects now: 2791.
Total: 2.521700 ms (FindLiveObjects: 0.264500 ms CreateObjectMapping: 0.106600 ms MarkObjects: 1.996300 ms  DeleteObjects: 0.153400 ms)

========================================================================
Received Import Request.
  Time since last request: 131.554826 seconds.
  path: ProjectSettings/TagManager.asset
  artifactKey: Guid(00000000000000003000000000000000) Importer(815301076,1909f56bfc062723c751e8b465ee728b)
Start importing ProjectSettings/TagManager.asset using Guid(00000000000000003000000000000000) Importer(815301076,1909f56bfc062723c751e8b465ee728b)  -> (artifact id: '745affdbd6adba8deed951b0cf8fbc9a') in 0.025788 seconds
  Import took 0.029382 seconds .

========================================================================
Received Prepare
Registering precompiled user dll's ...
Registered in 0.004946 seconds.
Begin MonoManager ReloadAssembly
Native extension for WindowsStandalone target not found
Native extension for WebGL target not found
Refreshing native plugins compatible for Editor in 0.53 ms, found 3 plugins.
Preloading 0 native plugins for Editor in 0.00 ms.
Mono: successfully reloaded assembly
- Completed reload, in  1.053 seconds
Platform modules already initialized, skipping
Refreshing native plugins compatible for Editor in 0.58 ms, found 3 plugins.
Preloading 0 native plugins for Editor in 0.00 ms.
Unloading 2301 Unused Serialized files (Serialized files now loaded: 0)
System memory in use before: 104.3 MB.
System memory in use after: 104.4 MB.

Unloading 27 unused Assets to reduce memory usage. Loaded Objects now: 2796.
Total: 2.564600 ms (FindLiveObjects: 0.213700 ms CreateObjectMapping: 0.102000 ms MarkObjects: 2.071800 ms  DeleteObjects: 0.176300 ms)

========================================================================
Received Prepare
Registering precompiled user dll's ...
Registered in 0.006923 seconds.
Begin MonoManager ReloadAssembly
Native extension for WindowsStandalone target not found
Native extension for WebGL target not found
Refreshing native plugins compatible for Editor in 0.54 ms, found 3 plugins.
Preloading 0 native plugins for Editor in 0.00 ms.
Mono: successfully reloaded assembly
- Completed reload, in  1.356 seconds
Platform modules already initialized, skipping
Refreshing native plugins compatible for Editor in 0.71 ms, found 3 plugins.
Preloading 0 native plugins for Editor in 0.00 ms.
Unloading 2301 Unused Serialized files (Serialized files now loaded: 0)
System memory in use before: 104.3 MB.
System memory in use after: 104.4 MB.

Unloading 26 unused Assets to reduce memory usage. Loaded Objects now: 2801.
Total: 3.108100 ms (FindLiveObjects: 0.305500 ms CreateObjectMapping: 0.182800 ms MarkObjects: 2.508000 ms  DeleteObjects: 0.110100 ms)

========================================================================
Received Prepare
Registering precompiled user dll's ...
Registered in 0.005190 seconds.
Begin MonoManager ReloadAssembly
Native extension for WindowsStandalone target not found
Native extension for WebGL target not found
Refreshing native plugins compatible for Editor in 0.53 ms, found 3 plugins.
Preloading 0 native plugins for Editor in 0.00 ms.
Mono: successfully reloaded assembly
- Completed reload, in  1.048 seconds
Platform modules already initialized, skipping
Refreshing native plugins compatible for Editor in 0.54 ms, found 3 plugins.
Preloading 0 native plugins for Editor in 0.00 ms.
Unloading 2301 Unused Serialized files (Serialized files now loaded: 0)
System memory in use before: 104.2 MB.
System memory in use after: 104.3 MB.

Unloading 26 unused Assets to reduce memory usage. Loaded Objects now: 2806.
Total: 2.500000 ms (FindLiveObjects: 0.240400 ms CreateObjectMapping: 0.108200 ms MarkObjects: 1.993400 ms  DeleteObjects: 0.156700 ms)

========================================================================
Received Prepare
Registering precompiled user dll's ...
Registered in 0.005083 seconds.
Begin MonoManager ReloadAssembly
Native extension for WindowsStandalone target not found
Native extension for WebGL target not found
Refreshing native plugins compatible for Editor in 0.63 ms, found 3 plugins.
Preloading 0 native plugins for Editor in 0.00 ms.
Mono: successfully reloaded assembly
- Completed reload, in  1.066 seconds
Platform modules already initialized, skipping
Refreshing native plugins compatible for Editor in 0.56 ms, found 3 plugins.
Preloading 0 native plugins for Editor in 0.00 ms.
Unloading 2301 Unused Serialized files (Serialized files now loaded: 0)
System memory in use before: 104.3 MB.
System memory in use after: 104.4 MB.

Unloading 26 unused Assets to reduce memory usage. Loaded Objects now: 2811.
Total: 2.492700 ms (FindLiveObjects: 0.227900 ms CreateObjectMapping: 0.110500 ms MarkObjects: 1.991600 ms  DeleteObjects: 0.161900 ms)

========================================================================
Received Prepare
Registering precompiled user dll's ...
Registered in 0.005054 seconds.
Begin MonoManager ReloadAssembly
Native extension for WindowsStandalone target not found
Native extension for WebGL target not found
Refreshing native plugins compatible for Editor in 0.70 ms, found 3 plugins.
Preloading 0 native plugins for Editor in 0.00 ms.
Mono: successfully reloaded assembly
- Completed reload, in  1.059 seconds
Platform modules already initialized, skipping
Refreshing native plugins compatible for Editor in 0.56 ms, found 3 plugins.
Preloading 0 native plugins for Editor in 0.00 ms.
Unloading 2301 Unused Serialized files (Serialized files now loaded: 0)
System memory in use before: 104.4 MB.
System memory in use after: 104.4 MB.

Unloading 26 unused Assets to reduce memory usage. Loaded Objects now: 2816.
Total: 2.533900 ms (FindLiveObjects: 0.231300 ms CreateObjectMapping: 0.108000 ms MarkObjects: 2.027700 ms  DeleteObjects: 0.165700 ms)

========================================================================
Received Prepare
Registering precompiled user dll's ...
Registered in 0.004807 seconds.
Begin MonoManager ReloadAssembly
Native extension for WindowsStandalone target not found
Native extension for WebGL target not found
Refreshing native plugins compatible for Editor in 0.52 ms, found 3 plugins.
Preloading 0 native plugins for Editor in 0.00 ms.
Mono: successfully reloaded assembly
- Completed reload, in  1.100 seconds
Platform modules already initialized, skipping
Refreshing native plugins compatible for Editor in 0.59 ms, found 3 plugins.
Preloading 0 native plugins for Editor in 0.00 ms.
Unloading 2301 Unused Serialized files (Serialized files now loaded: 0)
System memory in use before: 104.4 MB.
System memory in use after: 104.5 MB.

Unloading 26 unused Assets to reduce memory usage. Loaded Objects now: 2821.
Total: 2.884400 ms (FindLiveObjects: 0.288000 ms CreateObjectMapping: 0.144900 ms MarkObjects: 2.303900 ms  DeleteObjects: 0.146500 ms)

========================================================================
Received Prepare
Registering precompiled user dll's ...
Registered in 0.005076 seconds.
Begin MonoManager ReloadAssembly
Native extension for WindowsStandalone target not found
Native extension for WebGL target not found
Refreshing native plugins compatible for Editor in 0.56 ms, found 3 plugins.
Preloading 0 native plugins for Editor in 0.00 ms.
Mono: successfully reloaded assembly
- Completed reload, in  1.029 seconds
Platform modules already initialized, skipping
Refreshing native plugins compatible for Editor in 0.70 ms, found 3 plugins.
Preloading 0 native plugins for Editor in 0.00 ms.
Unloading 2301 Unused Serialized files (Serialized files now loaded: 0)
System memory in use before: 104.4 MB.
System memory in use after: 104.5 MB.

Unloading 26 unused Assets to reduce memory usage. Loaded Objects now: 2826.
Total: 2.471400 ms (FindLiveObjects: 0.223600 ms CreateObjectMapping: 0.109900 ms MarkObjects: 2.006300 ms  DeleteObjects: 0.130600 ms)

========================================================================
Received Prepare
Registering precompiled user dll's ...
Registered in 0.004767 seconds.
Begin MonoManager ReloadAssembly
Native extension for WindowsStandalone target not found
Native extension for WebGL target not found
Refreshing native plugins compatible for Editor in 0.51 ms, found 3 plugins.
Preloading 0 native plugins for Editor in 0.00 ms.
Mono: successfully reloaded assembly
- Completed reload, in  1.070 seconds
Platform modules already initialized, skipping
Refreshing native plugins compatible for Editor in 0.63 ms, found 3 plugins.
Preloading 0 native plugins for Editor in 0.00 ms.
Unloading 2301 Unused Serialized files (Serialized files now loaded: 0)
System memory in use before: 104.3 MB.
System memory in use after: 104.4 MB.

Unloading 26 unused Assets to reduce memory usage. Loaded Objects now: 2831.
Total: 3.074500 ms (FindLiveObjects: 0.504800 ms CreateObjectMapping: 0.232100 ms MarkObjects: 2.138200 ms  DeleteObjects: 0.198400 ms)

========================================================================
Received Import Request.
  Time since last request: 218.433599 seconds.
  path: Assets/Project/Scenes/MainMenu.unity
  artifactKey: Guid(e462827bdb54c214eb3a8e1dc088ada1) Importer(815301076,1909f56bfc062723c751e8b465ee728b)
Start importing Assets/Project/Scenes/MainMenu.unity using Guid(e462827bdb54c214eb3a8e1dc088ada1) Importer(815301076,1909f56bfc062723c751e8b465ee728b)  -> (artifact id: 'c3371df3c164f130a5869492fda5653f') in 0.015013 seconds
  Import took 0.019039 seconds .

========================================================================
Received Import Request.
  Time since last request: 66.040086 seconds.
  path: Assets/Project/Scripts/Menu
  artifactKey: Guid(016205a8b8272af48b95fdaf56a49ed8) Importer(815301076,1909f56bfc062723c751e8b465ee728b)
Start importing Assets/Project/Scripts/Menu using Guid(016205a8b8272af48b95fdaf56a49ed8) Importer(815301076,1909f56bfc062723c751e8b465ee728b)  -> (artifact id: '66f2752fd0a8685b1d68d4472c6e372f') in 0.008586 seconds
  Import took 0.012979 seconds .

========================================================================
Received Prepare
Registering precompiled user dll's ...
Registered in 0.006655 seconds.
Begin MonoManager ReloadAssembly
Native extension for WindowsStandalone target not found
Native extension for WebGL target not found
Refreshing native plugins compatible for Editor in 0.57 ms, found 3 plugins.
Preloading 0 native plugins for Editor in 0.00 ms.
Mono: successfully reloaded assembly
- Completed reload, in  1.317 seconds
Platform modules already initialized, skipping
Refreshing native plugins compatible for Editor in 0.54 ms, found 3 plugins.
Preloading 0 native plugins for Editor in 0.00 ms.
Unloading 2302 Unused Serialized files (Serialized files now loaded: 0)
System memory in use before: 104.4 MB.
System memory in use after: 104.5 MB.

Unloading 26 unused Assets to reduce memory usage. Loaded Objects now: 2837.
Total: 3.717700 ms (FindLiveObjects: 0.271500 ms CreateObjectMapping: 0.133200 ms MarkObjects: 3.188700 ms  DeleteObjects: 0.122900 ms)

========================================================================
Received Import Request.
  Time since last request: 17.072245 seconds.
  path: Assets/Project/Scripts/Menu/NewBehaviourScript.cs
  artifactKey: Guid(0b78ca79a1583fb4799e074c40eeac26) Importer(815301076,1909f56bfc062723c751e8b465ee728b)
Start importing Assets/Project/Scripts/Menu/NewBehaviourScript.cs using Guid(0b78ca79a1583fb4799e074c40eeac26) Importer(815301076,1909f56bfc062723c751e8b465ee728b)  -> (artifact id: '595509048496fb6f09d452fdc41ed9f2') in 0.013319 seconds
  Import took 0.017371 seconds .

========================================================================
Received Prepare
Registering precompiled user dll's ...
Registered in 0.005985 seconds.
Begin MonoManager ReloadAssembly
Native extension for WindowsStandalone target not found
Native extension for WebGL target not found
Refreshing native plugins compatible for Editor in 0.52 ms, found 3 plugins.
Preloading 0 native plugins for Editor in 0.00 ms.
Mono: successfully reloaded assembly
- Completed reload, in  1.173 seconds
Platform modules already initialized, skipping
Refreshing native plugins compatible for Editor in 0.54 ms, found 3 plugins.
Preloading 0 native plugins for Editor in 0.00 ms.
Unloading 2301 Unused Serialized files (Serialized files now loaded: 0)
System memory in use before: 104.4 MB.
System memory in use after: 104.5 MB.

Unloading 27 unused Assets to reduce memory usage. Loaded Objects now: 2841.
Total: 3.127900 ms (FindLiveObjects: 0.502500 ms CreateObjectMapping: 0.107000 ms MarkObjects: 2.345400 ms  DeleteObjects: 0.171900 ms)

========================================================================
Received Import Request.
  Time since last request: 15.069884 seconds.
  path: Assets/Project/Scripts/Menu/MainMenu.cs
  artifactKey: Guid(42b5566d7d0ee5d4f8b2aac482caca19) Importer(815301076,1909f56bfc062723c751e8b465ee728b)
Start importing Assets/Project/Scripts/Menu/MainMenu.cs using Guid(42b5566d7d0ee5d4f8b2aac482caca19) Importer(815301076,1909f56bfc062723c751e8b465ee728b)  -> (artifact id: 'e7436553ca1c372cccaf9748a6658a17') in 0.016759 seconds
  Import took 0.022208 seconds .

========================================================================
Received Prepare
Registering precompiled user dll's ...
Registered in 0.005295 seconds.
Begin MonoManager ReloadAssembly
Native extension for WindowsStandalone target not found
Native extension for WebGL target not found
Refreshing native plugins compatible for Editor in 0.53 ms, found 3 plugins.
Preloading 0 native plugins for Editor in 0.00 ms.
Mono: successfully reloaded assembly
- Completed reload, in  2.091 seconds
Platform modules already initialized, skipping
Refreshing native plugins compatible for Editor in 0.56 ms, found 3 plugins.
Preloading 0 native plugins for Editor in 0.00 ms.
Unloading 2302 Unused Serialized files (Serialized files now loaded: 0)
System memory in use before: 104.5 MB.
System memory in use after: 104.5 MB.

Unloading 26 unused Assets to reduce memory usage. Loaded Objects now: 2847.
Total: 4.221700 ms (FindLiveObjects: 0.350400 ms CreateObjectMapping: 0.271500 ms MarkObjects: 3.436600 ms  DeleteObjects: 0.161600 ms)

========================================================================
Received Import Request.
  Time since last request: 509.846463 seconds.
  path: Assets/Project/Scenes/Level1.unity
  artifactKey: Guid(b9f7c89c57c8b3d4498711f159bacefe) Importer(815301076,1909f56bfc062723c751e8b465ee728b)
Start importing Assets/Project/Scenes/Level1.unity using Guid(b9f7c89c57c8b3d4498711f159bacefe) Importer(815301076,1909f56bfc062723c751e8b465ee728b)  -> (artifact id: 'bfb9c0d2ac9dee5bffcf92c7dfb98146') in 0.016314 seconds
  Import took 0.021341 seconds .

========================================================================
Received Import Request.
  Time since last request: 12.174836 seconds.
  path: Assets/Project/Scenes/MainMenu.unity
  artifactKey: Guid(e462827bdb54c214eb3a8e1dc088ada1) Importer(815301076,1909f56bfc062723c751e8b465ee728b)
Start importing Assets/Project/Scenes/MainMenu.unity using Guid(e462827bdb54c214eb3a8e1dc088ada1) Importer(815301076,1909f56bfc062723c751e8b465ee728b)  -> (artifact id: '95bedf42220133edb99cb77d36dc742b') in 0.002733 seconds
  Import took 0.006829 seconds .

========================================================================
Received Import Request.
  Time since last request: 0.001026 seconds.
  path: Assets/Project/Scenes/MainMenu.unity
  artifactKey: Guid(e462827bdb54c214eb3a8e1dc088ada1) Importer(815301076,1909f56bfc062723c751e8b465ee728b)
Start importing Assets/Project/Scenes/MainMenu.unity using Guid(e462827bdb54c214eb3a8e1dc088ada1) Importer(815301076,1909f56bfc062723c751e8b465ee728b)  -> (artifact id: '95bedf42220133edb99cb77d36dc742b') in 0.002059 seconds
  Import took 0.006054 seconds .

========================================================================
Received Prepare
Registering precompiled user dll's ...
Registered in 0.005255 seconds.
Begin MonoManager ReloadAssembly
Native extension for WindowsStandalone target not found
Native extension for WebGL target not found
Refreshing native plugins compatible for Editor in 0.53 ms, found 3 plugins.
Preloading 0 native plugins for Editor in 0.00 ms.
Mono: successfully reloaded assembly
- Completed reload, in  1.068 seconds
Platform modules already initialized, skipping
Refreshing native plugins compatible for Editor in 0.55 ms, found 3 plugins.
Preloading 0 native plugins for Editor in 0.00 ms.
Unloading 2302 Unused Serialized files (Serialized files now loaded: 0)
System memory in use before: 104.5 MB.
System memory in use after: 104.6 MB.

Unloading 26 unused Assets to reduce memory usage. Loaded Objects now: 2852.
Total: 2.764800 ms (FindLiveObjects: 0.321100 ms CreateObjectMapping: 0.107900 ms MarkObjects: 2.170800 ms  DeleteObjects: 0.164200 ms)

========================================================================
Received Prepare
Registering precompiled user dll's ...
Registered in 0.004613 seconds.
Begin MonoManager ReloadAssembly
Native extension for WindowsStandalone target not found
Native extension for WebGL target not found
Refreshing native plugins compatible for Editor in 0.61 ms, found 3 plugins.
Preloading 0 native plugins for Editor in 0.00 ms.
Mono: successfully reloaded assembly
- Completed reload, in  1.075 seconds
Platform modules already initialized, skipping
Refreshing native plugins compatible for Editor in 0.61 ms, found 3 plugins.
Preloading 0 native plugins for Editor in 0.00 ms.
Unloading 2302 Unused Serialized files (Serialized files now loaded: 0)
System memory in use before: 104.4 MB.
System memory in use after: 104.5 MB.

Unloading 26 unused Assets to reduce memory usage. Loaded Objects now: 2857.
Total: 2.381500 ms (FindLiveObjects: 0.227400 ms CreateObjectMapping: 0.105700 ms MarkObjects: 1.887500 ms  DeleteObjects: 0.159800 ms)

========================================================================
Received Prepare
Registering precompiled user dll's ...
Registered in 0.005008 seconds.
Begin MonoManager ReloadAssembly
Native extension for WindowsStandalone target not found
Native extension for WebGL target not found
Refreshing native plugins compatible for Editor in 0.59 ms, found 3 plugins.
Preloading 0 native plugins for Editor in 0.00 ms.
Mono: successfully reloaded assembly
- Completed reload, in  1.054 seconds
Platform modules already initialized, skipping
Refreshing native plugins compatible for Editor in 0.62 ms, found 3 plugins.
Preloading 0 native plugins for Editor in 0.00 ms.
Unloading 2302 Unused Serialized files (Serialized files now loaded: 0)
System memory in use before: 104.5 MB.
System memory in use after: 104.6 MB.

Unloading 26 unused Assets to reduce memory usage. Loaded Objects now: 2862.
Total: 2.592100 ms (FindLiveObjects: 0.245900 ms CreateObjectMapping: 0.108400 ms MarkObjects: 2.069800 ms  DeleteObjects: 0.166900 ms)

========================================================================
Received Prepare
Registering precompiled user dll's ...
Registered in 0.005961 seconds.
Begin MonoManager ReloadAssembly
Native extension for WindowsStandalone target not found
Native extension for WebGL target not found
Refreshing native plugins compatible for Editor in 0.61 ms, found 3 plugins.
Preloading 0 native plugins for Editor in 0.00 ms.
Mono: successfully reloaded assembly
- Completed reload, in  1.241 seconds
Platform modules already initialized, skipping
Refreshing native plugins compatible for Editor in 0.53 ms, found 3 plugins.
Preloading 0 native plugins for Editor in 0.00 ms.
Unloading 2302 Unused Serialized files (Serialized files now loaded: 0)
System memory in use before: 104.5 MB.
System memory in use after: 104.6 MB.

Unloading 26 unused Assets to reduce memory usage. Loaded Objects now: 2867.
Total: 2.946700 ms (FindLiveObjects: 0.233000 ms CreateObjectMapping: 0.106700 ms MarkObjects: 2.465300 ms  DeleteObjects: 0.140000 ms)

========================================================================
Received Prepare
Registering precompiled user dll's ...
Registered in 0.004997 seconds.
Begin MonoManager ReloadAssembly
Native extension for WindowsStandalone target not found
Native extension for WebGL target not found
Refreshing native plugins compatible for Editor in 0.51 ms, found 3 plugins.
Preloading 0 native plugins for Editor in 0.00 ms.
Mono: successfully reloaded assembly
- Completed reload, in  1.103 seconds
Platform modules already initialized, skipping
Refreshing native plugins compatible for Editor in 0.55 ms, found 3 plugins.
Preloading 0 native plugins for Editor in 0.00 ms.
Unloading 2302 Unused Serialized files (Serialized files now loaded: 0)
System memory in use before: 104.5 MB.
System memory in use after: 104.6 MB.

Unloading 26 unused Assets to reduce memory usage. Loaded Objects now: 2872.
Total: 2.689700 ms (FindLiveObjects: 0.228100 ms CreateObjectMapping: 0.111900 ms MarkObjects: 2.176400 ms  DeleteObjects: 0.172500 ms)

========================================================================
Received Import Request.
  Time since last request: 1109.689139 seconds.
  path: Assets/Project/Scenes/MainMenu.unity
  artifactKey: Guid(e462827bdb54c214eb3a8e1dc088ada1) Importer(815301076,1909f56bfc062723c751e8b465ee728b)
Start importing Assets/Project/Scenes/MainMenu.unity using Guid(e462827bdb54c214eb3a8e1dc088ada1) Importer(815301076,1909f56bfc062723c751e8b465ee728b)  -> (artifact id: '0e89b48f7e3be95f8a22e998fbaf7a35') in 0.014998 seconds
  Import took 0.019381 seconds .

========================================================================
Received Import Request.
  Time since last request: 3.744207 seconds.
  path: Assets/Project/Scenes/MainMenu 1.unity
  artifactKey: Guid(b9e760b7a1699a042bd15a230777f00e) Importer(815301076,1909f56bfc062723c751e8b465ee728b)
Start importing Assets/Project/Scenes/MainMenu 1.unity using Guid(b9e760b7a1699a042bd15a230777f00e) Importer(815301076,1909f56bfc062723c751e8b465ee728b)  -> (artifact id: '3015fbc1b582cedb767338b1e9207cf9') in 0.008793 seconds
  Import took 0.012891 seconds .

========================================================================
Received Import Request.
  Time since last request: 17.106480 seconds.
  path: Assets/Project/Scenes/VictoryScreen.unity
  artifactKey: Guid(b9e760b7a1699a042bd15a230777f00e) Importer(815301076,1909f56bfc062723c751e8b465ee728b)
Start importing Assets/Project/Scenes/VictoryScreen.unity using Guid(b9e760b7a1699a042bd15a230777f00e) Importer(815301076,1909f56bfc062723c751e8b465ee728b)  -> (artifact id: '028de2a8ab0b88a02c4dbc7859e5c684') in 0.008783 seconds
  Import took 0.013044 seconds .

========================================================================
Received Prepare
Registering precompiled user dll's ...
Registered in 0.004819 seconds.
Begin MonoManager ReloadAssembly
Native extension for WindowsStandalone target not found
Native extension for WebGL target not found
Refreshing native plugins compatible for Editor in 0.61 ms, found 3 plugins.
Preloading 0 native plugins for Editor in 0.00 ms.
Mono: successfully reloaded assembly
- Completed reload, in  1.081 seconds
Platform modules already initialized, skipping
Refreshing native plugins compatible for Editor in 0.56 ms, found 3 plugins.
Preloading 0 native plugins for Editor in 0.00 ms.
Unloading 2302 Unused Serialized files (Serialized files now loaded: 0)
System memory in use before: 104.5 MB.
System memory in use after: 104.6 MB.

Unloading 26 unused Assets to reduce memory usage. Loaded Objects now: 2877.
Total: 2.787800 ms (FindLiveObjects: 0.219100 ms CreateObjectMapping: 0.093800 ms MarkObjects: 2.275100 ms  DeleteObjects: 0.199000 ms)

========================================================================
Received Import Request.
  Time since last request: 157.752316 seconds.
  path: Assets/Project/Scenes/VictoryScreen.unity
  artifactKey: Guid(b9e760b7a1699a042bd15a230777f00e) Importer(815301076,1909f56bfc062723c751e8b465ee728b)
Start importing Assets/Project/Scenes/VictoryScreen.unity using Guid(b9e760b7a1699a042bd15a230777f00e) Importer(815301076,1909f56bfc062723c751e8b465ee728b)  -> (artifact id: 'cdd2eb045585439ed0f1495a59c9a68f') in 0.015612 seconds
  Import took 0.019817 seconds .

========================================================================
Received Prepare
Registering precompiled user dll's ...
Registered in 0.004718 seconds.
Begin MonoManager ReloadAssembly
Native extension for WindowsStandalone target not found
Native extension for WebGL target not found
Refreshing native plugins compatible for Editor in 0.54 ms, found 3 plugins.
Preloading 0 native plugins for Editor in 0.00 ms.
Mono: successfully reloaded assembly
- Completed reload, in  1.069 seconds
Platform modules already initialized, skipping
Refreshing native plugins compatible for Editor in 0.55 ms, found 3 plugins.
Preloading 0 native plugins for Editor in 0.00 ms.
Unloading 2302 Unused Serialized files (Serialized files now loaded: 0)
System memory in use before: 104.5 MB.
System memory in use after: 104.5 MB.

Unloading 26 unused Assets to reduce memory usage. Loaded Objects now: 2882.
Total: 2.642700 ms (FindLiveObjects: 0.226300 ms CreateObjectMapping: 0.102900 ms MarkObjects: 2.142800 ms  DeleteObjects: 0.169900 ms)

========================================================================
Received Import Request.
  Time since last request: 79.016238 seconds.
  path: Assets/Project/Scenes/MainMenu.unity
  artifactKey: Guid(e462827bdb54c214eb3a8e1dc088ada1) Importer(815301076,1909f56bfc062723c751e8b465ee728b)
Start importing Assets/Project/Scenes/MainMenu.unity using Guid(e462827bdb54c214eb3a8e1dc088ada1) Importer(815301076,1909f56bfc062723c751e8b465ee728b)  -> (artifact id: 'b2ba7b7417c6375c7b57a1fac30ae1ec') in 0.014690 seconds
  Import took 0.018552 seconds .

========================================================================
Received Prepare
Registering precompiled user dll's ...
Registered in 0.005078 seconds.
Begin MonoManager ReloadAssembly
Native extension for WindowsStandalone target not found
Native extension for WebGL target not found
Refreshing native plugins compatible for Editor in 0.69 ms, found 3 plugins.
Preloading 0 native plugins for Editor in 0.00 ms.
Mono: successfully reloaded assembly
- Completed reload, in  1.044 seconds
Platform modules already initialized, skipping
Refreshing native plugins compatible for Editor in 0.76 ms, found 3 plugins.
Preloading 0 native plugins for Editor in 0.00 ms.
Unloading 2302 Unused Serialized files (Serialized files now loaded: 0)
System memory in use before: 104.6 MB.
System memory in use after: 104.7 MB.

Unloading 26 unused Assets to reduce memory usage. Loaded Objects now: 2887.
Total: 3.411300 ms (FindLiveObjects: 0.246600 ms CreateObjectMapping: 0.442100 ms MarkObjects: 2.590500 ms  DeleteObjects: 0.130800 ms)

========================================================================
Received Prepare
Registering precompiled user dll's ...
Registered in 0.004949 seconds.
Begin MonoManager ReloadAssembly
Native extension for WindowsStandalone target not found
Native extension for WebGL target not found
Refreshing native plugins compatible for Editor in 0.51 ms, found 3 plugins.
Preloading 0 native plugins for Editor in 0.00 ms.
Mono: successfully reloaded assembly
- Completed reload, in  1.050 seconds
Platform modules already initialized, skipping
Refreshing native plugins compatible for Editor in 0.53 ms, found 3 plugins.
Preloading 0 native plugins for Editor in 0.00 ms.
Unloading 2302 Unused Serialized files (Serialized files now loaded: 0)
System memory in use before: 104.6 MB.
System memory in use after: 104.7 MB.

Unloading 26 unused Assets to reduce memory usage. Loaded Objects now: 2892.
Total: 2.776400 ms (FindLiveObjects: 0.229300 ms CreateObjectMapping: 0.095100 ms MarkObjects: 2.322000 ms  DeleteObjects: 0.128200 ms)

========================================================================
Received Prepare
Registering precompiled user dll's ...
Registered in 0.004793 seconds.
Begin MonoManager ReloadAssembly
Native extension for WindowsStandalone target not found
Native extension for WebGL target not found
Refreshing native plugins compatible for Editor in 0.58 ms, found 3 plugins.
Preloading 0 native plugins for Editor in 0.00 ms.
Mono: successfully reloaded assembly
- Completed reload, in  1.070 seconds
Platform modules already initialized, skipping
Refreshing native plugins compatible for Editor in 0.56 ms, found 3 plugins.
Preloading 0 native plugins for Editor in 0.00 ms.
Unloading 2302 Unused Serialized files (Serialized files now loaded: 0)
System memory in use before: 104.6 MB.
System memory in use after: 104.7 MB.

Unloading 26 unused Assets to reduce memory usage. Loaded Objects now: 2897.
Total: 2.687000 ms (FindLiveObjects: 0.227500 ms CreateObjectMapping: 0.109900 ms MarkObjects: 2.197600 ms  DeleteObjects: 0.150900 ms)

========================================================================
Received Prepare
Registering precompiled user dll's ...
Registered in 0.005168 seconds.
Begin MonoManager ReloadAssembly
Native extension for WindowsStandalone target not found
Native extension for WebGL target not found
Refreshing native plugins compatible for Editor in 0.52 ms, found 3 plugins.
Preloading 0 native plugins for Editor in 0.00 ms.
Mono: successfully reloaded assembly
- Completed reload, in  1.094 seconds
Platform modules already initialized, skipping
Refreshing native plugins compatible for Editor in 0.57 ms, found 3 plugins.
Preloading 0 native plugins for Editor in 0.00 ms.
Unloading 2302 Unused Serialized files (Serialized files now loaded: 0)
System memory in use before: 104.6 MB.
System memory in use after: 104.7 MB.

Unloading 26 unused Assets to reduce memory usage. Loaded Objects now: 2902.
Total: 2.485400 ms (FindLiveObjects: 0.332100 ms CreateObjectMapping: 0.118400 ms MarkObjects: 1.881400 ms  DeleteObjects: 0.152400 ms)

========================================================================
Received Prepare
Registering precompiled user dll's ...
Registered in 0.005924 seconds.
Begin MonoManager ReloadAssembly
Native extension for WindowsStandalone target not found
Native extension for WebGL target not found
Refreshing native plugins compatible for Editor in 0.63 ms, found 3 plugins.
Preloading 0 native plugins for Editor in 0.00 ms.
Mono: successfully reloaded assembly
- Completed reload, in  1.067 seconds
Platform modules already initialized, skipping
Refreshing native plugins compatible for Editor in 0.56 ms, found 3 plugins.
Preloading 0 native plugins for Editor in 0.00 ms.
Unloading 2302 Unused Serialized files (Serialized files now loaded: 0)
System memory in use before: 104.5 MB.
System memory in use after: 104.6 MB.

Unloading 26 unused Assets to reduce memory usage. Loaded Objects now: 2907.
Total: 2.620900 ms (FindLiveObjects: 0.228000 ms CreateObjectMapping: 0.101700 ms MarkObjects: 2.127300 ms  DeleteObjects: 0.163000 ms)

========================================================================
Received Prepare
Registering precompiled user dll's ...
Registered in 0.004624 seconds.
Begin MonoManager ReloadAssembly
Native extension for WindowsStandalone target not found
Native extension for WebGL target not found
Refreshing native plugins compatible for Editor in 0.51 ms, found 3 plugins.
Preloading 0 native plugins for Editor in 0.00 ms.
Mono: successfully reloaded assembly
- Completed reload, in  1.051 seconds
Platform modules already initialized, skipping
Refreshing native plugins compatible for Editor in 0.57 ms, found 3 plugins.
Preloading 0 native plugins for Editor in 0.00 ms.
Unloading 2302 Unused Serialized files (Serialized files now loaded: 0)
System memory in use before: 104.6 MB.
System memory in use after: 104.7 MB.

Unloading 26 unused Assets to reduce memory usage. Loaded Objects now: 2912.
Total: 2.881900 ms (FindLiveObjects: 0.232400 ms CreateObjectMapping: 0.107100 ms MarkObjects: 2.374000 ms  DeleteObjects: 0.167400 ms)

========================================================================
Received Prepare
Registering precompiled user dll's ...
Registered in 0.005164 seconds.
Begin MonoManager ReloadAssembly
Native extension for WindowsStandalone target not found
Native extension for WebGL target not found
Refreshing native plugins compatible for Editor in 0.56 ms, found 3 plugins.
Preloading 0 native plugins for Editor in 0.00 ms.
Mono: successfully reloaded assembly
- Completed reload, in  1.025 seconds
Platform modules already initialized, skipping
Refreshing native plugins compatible for Editor in 0.57 ms, found 3 plugins.
Preloading 0 native plugins for Editor in 0.00 ms.
Unloading 2302 Unused Serialized files (Serialized files now loaded: 0)
System memory in use before: 104.6 MB.
System memory in use after: 104.7 MB.

Unloading 26 unused Assets to reduce memory usage. Loaded Objects now: 2917.
Total: 2.612100 ms (FindLiveObjects: 0.219900 ms CreateObjectMapping: 0.157600 ms MarkObjects: 2.063200 ms  DeleteObjects: 0.170600 ms)

========================================================================
Received Prepare
Registering precompiled user dll's ...
Registered in 0.005378 seconds.
Begin MonoManager ReloadAssembly
Native extension for WindowsStandalone target not found
Native extension for WebGL target not found
Refreshing native plugins compatible for Editor in 0.51 ms, found 3 plugins.
Preloading 0 native plugins for Editor in 0.00 ms.
Mono: successfully reloaded assembly
- Completed reload, in  1.122 seconds
Platform modules already initialized, skipping
Refreshing native plugins compatible for Editor in 0.56 ms, found 3 plugins.
Preloading 0 native plugins for Editor in 0.00 ms.
Unloading 2302 Unused Serialized files (Serialized files now loaded: 0)
System memory in use before: 104.6 MB.
System memory in use after: 104.7 MB.

Unloading 26 unused Assets to reduce memory usage. Loaded Objects now: 2922.
Total: 2.580500 ms (FindLiveObjects: 0.231800 ms CreateObjectMapping: 0.108100 ms MarkObjects: 2.083200 ms  DeleteObjects: 0.156300 ms)

========================================================================
Received Prepare
Registering precompiled user dll's ...
Registered in 0.005060 seconds.
Begin MonoManager ReloadAssembly
Native extension for WindowsStandalone target not found
Native extension for WebGL target not found
Refreshing native plugins compatible for Editor in 0.50 ms, found 3 plugins.
Preloading 0 native plugins for Editor in 0.00 ms.
Mono: successfully reloaded assembly
- Completed reload, in  1.030 seconds
Platform modules already initialized, skipping
Refreshing native plugins compatible for Editor in 0.62 ms, found 3 plugins.
Preloading 0 native plugins for Editor in 0.00 ms.
Unloading 2302 Unused Serialized files (Serialized files now loaded: 0)
System memory in use before: 104.6 MB.
System memory in use after: 104.7 MB.

Unloading 26 unused Assets to reduce memory usage. Loaded Objects now: 2927.
Total: 2.656200 ms (FindLiveObjects: 0.233900 ms CreateObjectMapping: 0.106000 ms MarkObjects: 2.159200 ms  DeleteObjects: 0.156300 ms)

========================================================================
Received Import Request.
  Time since last request: 1532.327857 seconds.
  path: Assets/Project/Scenes/VictoryScreen.unity
  artifactKey: Guid(b9e760b7a1699a042bd15a230777f00e) Importer(815301076,1909f56bfc062723c751e8b465ee728b)
Start importing Assets/Project/Scenes/VictoryScreen.unity using Guid(b9e760b7a1699a042bd15a230777f00e) Importer(815301076,1909f56bfc062723c751e8b465ee728b)  -> (artifact id: 'd7c4066d9f7502e3d34e2984e9771e13') in 0.012806 seconds
  Import took 0.040856 seconds .

========================================================================
Received Prepare
Registering precompiled user dll's ...
Registered in 0.004800 seconds.
Begin MonoManager ReloadAssembly
Native extension for WindowsStandalone target not found
Native extension for WebGL target not found
Refreshing native plugins compatible for Editor in 0.73 ms, found 3 plugins.
Preloading 0 native plugins for Editor in 0.00 ms.
Mono: successfully reloaded assembly
- Completed reload, in  1.222 seconds
Platform modules already initialized, skipping
Refreshing native plugins compatible for Editor in 0.52 ms, found 3 plugins.
Preloading 0 native plugins for Editor in 0.00 ms.
Unloading 2302 Unused Serialized files (Serialized files now loaded: 0)
System memory in use before: 104.6 MB.
System memory in use after: 104.6 MB.

Unloading 26 unused Assets to reduce memory usage. Loaded Objects now: 2932.
Total: 2.688900 ms (FindLiveObjects: 0.246000 ms CreateObjectMapping: 0.117000 ms MarkObjects: 2.159300 ms  DeleteObjects: 0.165700 ms)

========================================================================
Received Prepare
Registering precompiled user dll's ...
Registered in 0.004937 seconds.
Begin MonoManager ReloadAssembly
Native extension for WindowsStandalone target not found
Native extension for WebGL target not found
Refreshing native plugins compatible for Editor in 0.70 ms, found 3 plugins.
Preloading 0 native plugins for Editor in 0.00 ms.
Mono: successfully reloaded assembly
- Completed reload, in  1.023 seconds
Platform modules already initialized, skipping
Refreshing native plugins compatible for Editor in 0.68 ms, found 3 plugins.
Preloading 0 native plugins for Editor in 0.00 ms.
Unloading 2302 Unused Serialized files (Serialized files now loaded: 0)
System memory in use before: 104.7 MB.
System memory in use after: 104.7 MB.

Unloading 26 unused Assets to reduce memory usage. Loaded Objects now: 2937.
Total: 2.587600 ms (FindLiveObjects: 0.239000 ms CreateObjectMapping: 0.107200 ms MarkObjects: 2.059500 ms  DeleteObjects: 0.180900 ms)

========================================================================
Received Prepare
Registering precompiled user dll's ...
Registered in 0.005763 seconds.
Begin MonoManager ReloadAssembly
Native extension for WindowsStandalone target not found
Native extension for WebGL target not found
Refreshing native plugins compatible for Editor in 0.52 ms, found 3 plugins.
Preloading 0 native plugins for Editor in 0.00 ms.
Mono: successfully reloaded assembly
- Completed reload, in  1.019 seconds
Platform modules already initialized, skipping
Refreshing native plugins compatible for Editor in 0.52 ms, found 3 plugins.
Preloading 0 native plugins for Editor in 0.00 ms.
Unloading 2302 Unused Serialized files (Serialized files now loaded: 0)
System memory in use before: 104.7 MB.
System memory in use after: 104.8 MB.

Unloading 26 unused Assets to reduce memory usage. Loaded Objects now: 2942.
Total: 3.284300 ms (FindLiveObjects: 0.234100 ms CreateObjectMapping: 0.107100 ms MarkObjects: 2.786000 ms  DeleteObjects: 0.156200 ms)

========================================================================
Received Prepare
Registering precompiled user dll's ...
Registered in 0.004959 seconds.
Begin MonoManager ReloadAssembly
Native extension for WindowsStandalone target not found
Native extension for WebGL target not found
Refreshing native plugins compatible for Editor in 0.55 ms, found 3 plugins.
Preloading 0 native plugins for Editor in 0.00 ms.
Mono: successfully reloaded assembly
- Completed reload, in  1.063 seconds
Platform modules already initialized, skipping
Refreshing native plugins compatible for Editor in 0.63 ms, found 3 plugins.
Preloading 0 native plugins for Editor in 0.00 ms.
Unloading 2302 Unused Serialized files (Serialized files now loaded: 0)
System memory in use before: 104.7 MB.
System memory in use after: 104.8 MB.

Unloading 26 unused Assets to reduce memory usage. Loaded Objects now: 2947.
Total: 2.651900 ms (FindLiveObjects: 0.230600 ms CreateObjectMapping: 0.099500 ms MarkObjects: 2.170700 ms  DeleteObjects: 0.150200 ms)

========================================================================
Received Prepare
Registering precompiled user dll's ...
Registered in 0.005320 seconds.
Begin MonoManager ReloadAssembly
Native extension for WindowsStandalone target not found
Native extension for WebGL target not found
Refreshing native plugins compatible for Editor in 0.58 ms, found 3 plugins.
Preloading 0 native plugins for Editor in 0.00 ms.
Mono: successfully reloaded assembly
- Completed reload, in  1.059 seconds
Platform modules already initialized, skipping
Refreshing native plugins compatible for Editor in 0.62 ms, found 3 plugins.
Preloading 0 native plugins for Editor in 0.00 ms.
Unloading 2302 Unused Serialized files (Serialized files now loaded: 0)
System memory in use before: 104.7 MB.
System memory in use after: 104.8 MB.

Unloading 26 unused Assets to reduce memory usage. Loaded Objects now: 2952.
Total: 2.799700 ms (FindLiveObjects: 0.252400 ms CreateObjectMapping: 0.163100 ms MarkObjects: 2.236000 ms  DeleteObjects: 0.147200 ms)

========================================================================
Received Prepare
Registering precompiled user dll's ...
Registered in 0.004985 seconds.
Begin MonoManager ReloadAssembly
Native extension for WindowsStandalone target not found
Native extension for WebGL target not found
Refreshing native plugins compatible for Editor in 0.51 ms, found 3 plugins.
Preloading 0 native plugins for Editor in 0.00 ms.
Mono: successfully reloaded assembly
- Completed reload, in  1.094 seconds
Platform modules already initialized, skipping
Refreshing native plugins compatible for Editor in 0.62 ms, found 3 plugins.
Preloading 0 native plugins for Editor in 0.00 ms.
Unloading 2302 Unused Serialized files (Serialized files now loaded: 0)
System memory in use before: 104.6 MB.
System memory in use after: 104.7 MB.

Unloading 26 unused Assets to reduce memory usage. Loaded Objects now: 2957.
Total: 2.874900 ms (FindLiveObjects: 0.377700 ms CreateObjectMapping: 0.140200 ms MarkObjects: 2.214700 ms  DeleteObjects: 0.141000 ms)

========================================================================
Received Prepare
Registering precompiled user dll's ...
Registered in 0.005452 seconds.
Begin MonoManager ReloadAssembly
Native extension for WindowsStandalone target not found
Native extension for WebGL target not found
Refreshing native plugins compatible for Editor in 0.51 ms, found 3 plugins.
Preloading 0 native plugins for Editor in 0.00 ms.
Mono: successfully reloaded assembly
- Completed reload, in  1.028 seconds
Platform modules already initialized, skipping
Refreshing native plugins compatible for Editor in 0.59 ms, found 3 plugins.
Preloading 0 native plugins for Editor in 0.00 ms.
Unloading 2302 Unused Serialized files (Serialized files now loaded: 0)
System memory in use before: 104.7 MB.
System memory in use after: 104.8 MB.

Unloading 26 unused Assets to reduce memory usage. Loaded Objects now: 2962.
Total: 3.097700 ms (FindLiveObjects: 0.402000 ms CreateObjectMapping: 0.228100 ms MarkObjects: 2.240900 ms  DeleteObjects: 0.225700 ms)

========================================================================
Received Prepare
Registering precompiled user dll's ...
Registered in 0.005782 seconds.
Begin MonoManager ReloadAssembly
Native extension for WindowsStandalone target not found
Native extension for WebGL target not found
Refreshing native plugins compatible for Editor in 15.09 ms, found 3 plugins.
Preloading 0 native plugins for Editor in 0.00 ms.
Mono: successfully reloaded assembly
- Completed reload, in  4.685 seconds
Platform modules already initialized, skipping
Refreshing native plugins compatible for Editor in 0.59 ms, found 3 plugins.
Preloading 0 native plugins for Editor in 0.00 ms.
Unloading 2302 Unused Serialized files (Serialized files now loaded: 0)
System memory in use before: 104.7 MB.
System memory in use after: 104.8 MB.

Unloading 26 unused Assets to reduce memory usage. Loaded Objects now: 2967.
Total: 3.104500 ms (FindLiveObjects: 0.501600 ms CreateObjectMapping: 0.280400 ms MarkObjects: 2.192200 ms  DeleteObjects: 0.129400 ms)

========================================================================
Received Prepare
Refreshing native plugins compatible for Editor in 4.26 ms, found 3 plugins.
Preloading 0 native plugins for Editor in 0.00 ms.
Unloading 24 Unused Serialized files (Serialized files now loaded: 0)
System memory in use before: 58.9 MB.
System memory in use after: 58.9 MB.

Unloading 24 unused Assets to reduce memory usage. Loaded Objects now: 2967.
Total: 2.519900 ms (FindLiveObjects: 0.218600 ms CreateObjectMapping: 0.096000 ms MarkObjects: 2.067300 ms  DeleteObjects: 0.137400 ms)

========================================================================
Received Prepare
Refreshing native plugins compatible for Editor in 4.01 ms, found 3 plugins.
Preloading 0 native plugins for Editor in 0.00 ms.
Unloading 24 Unused Serialized files (Serialized files now loaded: 0)
System memory in use before: 58.9 MB.
System memory in use after: 59.0 MB.

Unloading 24 unused Assets to reduce memory usage. Loaded Objects now: 2967.
Total: 2.741500 ms (FindLiveObjects: 0.230300 ms CreateObjectMapping: 0.105900 ms MarkObjects: 2.235100 ms  DeleteObjects: 0.169500 ms)

========================================================================
Received Import Request.
  Time since last request: 1067.411226 seconds.
  path: Assets/Project/Sprites/Shuriken.png
  artifactKey: Guid(98e25624d04f6f448af720416968f790) Importer(815301076,1909f56bfc062723c751e8b465ee728b)
Start importing Assets/Project/Sprites/Shuriken.png using Guid(98e25624d04f6f448af720416968f790) Importer(815301076,1909f56bfc062723c751e8b465ee728b)  -> (artifact id: 'f84cbe9e3816eb651b823663d83df89d') in 0.066047 seconds
  Import took 0.071805 seconds .

========================================================================
Received Import Request.
  Time since last request: 76.946951 seconds.
  path: Assets/Project/Sprites/13045.png
  artifactKey: Guid(0bdbdd3857df7bc419135f978eb79ab9) Importer(815301076,1909f56bfc062723c751e8b465ee728b)
Start importing Assets/Project/Sprites/13045.png using Guid(0bdbdd3857df7bc419135f978eb79ab9) Importer(815301076,1909f56bfc062723c751e8b465ee728b)  -> (artifact id: '26f360f1bc3b5f2c450b992c0e4a1414') in 0.017126 seconds
  Import took 0.021506 seconds .

========================================================================
Received Import Request.
  Time since last request: 47.906469 seconds.
  path: Assets/Project/Sprites/Shuriken.png
  artifactKey: Guid(98e25624d04f6f448af720416968f790) Importer(815301076,1909f56bfc062723c751e8b465ee728b)
Start importing Assets/Project/Sprites/Shuriken.png using Guid(98e25624d04f6f448af720416968f790) Importer(815301076,1909f56bfc062723c751e8b465ee728b)  -> (artifact id: '9ef5a2d6539db96de6e83f1895d765e0') in 0.020559 seconds
  Import took 0.026447 seconds .

========================================================================
Received Import Request.
  Time since last request: 16.581307 seconds.
  path: Assets/Project/Sprites/Shuriken.png
  artifactKey: Guid(98e25624d04f6f448af720416968f790) Importer(815301076,1909f56bfc062723c751e8b465ee728b)
Start importing Assets/Project/Sprites/Shuriken.png using Guid(98e25624d04f6f448af720416968f790) Importer(815301076,1909f56bfc062723c751e8b465ee728b)  -> (artifact id: '14d8cc6f0481c070f089ec6c975666db') in 0.028819 seconds
  Import took 0.035845 seconds .

========================================================================
Received Import Request.
  Time since last request: 12.725014 seconds.
  path: Assets/Project/Sprites/Shuriken.png
  artifactKey: Guid(98e25624d04f6f448af720416968f790) Importer(815301076,1909f56bfc062723c751e8b465ee728b)
Start importing Assets/Project/Sprites/Shuriken.png using Guid(98e25624d04f6f448af720416968f790) Importer(815301076,1909f56bfc062723c751e8b465ee728b)  -> (artifact id: 'e55310ccc9bb1baf1928fd0029226389') in 0.016094 seconds
  Import took 0.034460 seconds .

========================================================================
Received Import Request.
  Time since last request: 7.933289 seconds.
  path: Assets/Project/Sprites/Shuriken.png
  artifactKey: Guid(98e25624d04f6f448af720416968f790) Importer(815301076,1909f56bfc062723c751e8b465ee728b)
Start importing Assets/Project/Sprites/Shuriken.png using Guid(98e25624d04f6f448af720416968f790) Importer(815301076,1909f56bfc062723c751e8b465ee728b)  -> (artifact id: '57d93efdf8f8710c8d89b64ea201b0cd') in 0.013551 seconds
  Import took 0.018781 seconds .

========================================================================
Received Import Request.
  Time since last request: 14.004482 seconds.
  path: Assets/Project/Sprites/Shuriken.png
  artifactKey: Guid(98e25624d04f6f448af720416968f790) Importer(815301076,1909f56bfc062723c751e8b465ee728b)
Start importing Assets/Project/Sprites/Shuriken.png using Guid(98e25624d04f6f448af720416968f790) Importer(815301076,1909f56bfc062723c751e8b465ee728b)  -> (artifact id: '5077c2a568636330233765a4ba32607b') in 0.016760 seconds
  Import took 0.021631 seconds .

========================================================================
Received Import Request.
  Time since last request: 0.000623 seconds.
  path: Assets/Project/Sprites/Shuriken.png
  artifactKey: Guid(98e25624d04f6f448af720416968f790) Importer(815301076,1909f56bfc062723c751e8b465ee728b)
Start importing Assets/Project/Sprites/Shuriken.png using Guid(98e25624d04f6f448af720416968f790) Importer(815301076,1909f56bfc062723c751e8b465ee728b)  -> (artifact id: '5077c2a568636330233765a4ba32607b') in 0.016244 seconds
  Import took 0.020141 seconds .

========================================================================
Received Prepare
Registering precompiled user dll's ...
Registered in 0.007544 seconds.
Begin MonoManager ReloadAssembly
Native extension for WindowsStandalone target not found
Native extension for WebGL target not found
Refreshing native plugins compatible for Editor in 0.51 ms, found 3 plugins.
Preloading 0 native plugins for Editor in 0.00 ms.
Mono: successfully reloaded assembly
- Completed reload, in  1.085 seconds
Platform modules already initialized, skipping
Refreshing native plugins compatible for Editor in 0.55 ms, found 3 plugins.
Preloading 0 native plugins for Editor in 0.00 ms.
Unloading 2302 Unused Serialized files (Serialized files now loaded: 0)
System memory in use before: 104.7 MB.
System memory in use after: 104.8 MB.

Unloading 26 unused Assets to reduce memory usage. Loaded Objects now: 2975.
Total: 2.651700 ms (FindLiveObjects: 0.242300 ms CreateObjectMapping: 0.099600 ms MarkObjects: 2.140600 ms  DeleteObjects: 0.168200 ms)

========================================================================
Received Import Request.
  Time since last request: 490.435778 seconds.
  path: Assets/Project/Sprites/PC Computer - BIONICLE The Legend of Mata Nui Prototype - Fireball.png
  artifactKey: Guid(1af99e4110ee00a47aa962dab41085c6) Importer(815301076,1909f56bfc062723c751e8b465ee728b)
Start importing Assets/Project/Sprites/PC Computer - BIONICLE The Legend of Mata Nui Prototype - Fireball.png using Guid(1af99e4110ee00a47aa962dab41085c6) Importer(815301076,1909f56bfc062723c751e8b465ee728b)  -> (artifact id: '51d66936ba9cf7b1097d99cbb296c6bb') in 0.064501 seconds
  Import took 0.069433 seconds .

========================================================================
Received Import Request.
  Time since last request: 8.553195 seconds.
  path: Assets/Project/Sprites/FireBall.png
  artifactKey: Guid(1af99e4110ee00a47aa962dab41085c6) Importer(815301076,1909f56bfc062723c751e8b465ee728b)
Start importing Assets/Project/Sprites/FireBall.png using Guid(1af99e4110ee00a47aa962dab41085c6) Importer(815301076,1909f56bfc062723c751e8b465ee728b)  -> (artifact id: '1bf6f2dedd82678b66b2d0347f0711d9') in 0.019661 seconds
  Import took 0.023635 seconds .

========================================================================
Received Import Request.
  Time since last request: 27.485035 seconds.
  path: Assets/Project/Sprites/FireBall.png
  artifactKey: Guid(1af99e4110ee00a47aa962dab41085c6) Importer(815301076,1909f56bfc062723c751e8b465ee728b)
Start importing Assets/Project/Sprites/FireBall.png using Guid(1af99e4110ee00a47aa962dab41085c6) Importer(815301076,1909f56bfc062723c751e8b465ee728b)  -> (artifact id: 'd70992ebbfce9fcb55df54cb2d9896ad') in 0.015588 seconds
  Import took 0.019607 seconds .

========================================================================
Received Import Request.
  Time since last request: 0.033888 seconds.
  path: Assets/Project/Sprites/FireBall.png
  artifactKey: Guid(1af99e4110ee00a47aa962dab41085c6) Importer(815301076,1909f56bfc062723c751e8b465ee728b)
Start importing Assets/Project/Sprites/FireBall.png using Guid(1af99e4110ee00a47aa962dab41085c6) Importer(815301076,1909f56bfc062723c751e8b465ee728b)  -> (artifact id: 'd70992ebbfce9fcb55df54cb2d9896ad') in 0.019680 seconds
  Import took 0.024570 seconds .

========================================================================
Received Import Request.
  Time since last request: 24.742304 seconds.
  path: Assets/Project/Sprites/FireBall.png
  artifactKey: Guid(1af99e4110ee00a47aa962dab41085c6) Importer(815301076,1909f56bfc062723c751e8b465ee728b)
Start importing Assets/Project/Sprites/FireBall.png using Guid(1af99e4110ee00a47aa962dab41085c6) Importer(815301076,1909f56bfc062723c751e8b465ee728b)  -> (artifact id: '55cc3604e38f19324afbe67d55a00d4d') in 0.104959 seconds
  Import took 0.110519 seconds .

========================================================================
Received Prepare
Registering precompiled user dll's ...
Registered in 0.005237 seconds.
Begin MonoManager ReloadAssembly
Native extension for WindowsStandalone target not found
Native extension for WebGL target not found
Refreshing native plugins compatible for Editor in 0.74 ms, found 3 plugins.
Preloading 0 native plugins for Editor in 0.00 ms.
Mono: successfully reloaded assembly
- Completed reload, in  1.157 seconds
Platform modules already initialized, skipping
Refreshing native plugins compatible for Editor in 0.54 ms, found 3 plugins.
Preloading 0 native plugins for Editor in 0.00 ms.
Unloading 2302 Unused Serialized files (Serialized files now loaded: 0)
System memory in use before: 104.7 MB.
System memory in use after: 104.8 MB.

Unloading 26 unused Assets to reduce memory usage. Loaded Objects now: 2985.
Total: 2.624500 ms (FindLiveObjects: 0.243900 ms CreateObjectMapping: 0.107600 ms MarkObjects: 2.156100 ms  DeleteObjects: 0.115900 ms)

========================================================================
Received Prepare
Registering precompiled user dll's ...
Registered in 0.004855 seconds.
Begin MonoManager ReloadAssembly
Native extension for WindowsStandalone target not found
Native extension for WebGL target not found
Refreshing native plugins compatible for Editor in 0.69 ms, found 3 plugins.
Preloading 0 native plugins for Editor in 0.00 ms.
Mono: successfully reloaded assembly
- Completed reload, in  1.052 seconds
Platform modules already initialized, skipping
Refreshing native plugins compatible for Editor in 0.53 ms, found 3 plugins.
Preloading 0 native plugins for Editor in 0.00 ms.
Unloading 2302 Unused Serialized files (Serialized files now loaded: 0)
System memory in use before: 104.6 MB.
System memory in use after: 104.7 MB.

Unloading 26 unused Assets to reduce memory usage. Loaded Objects now: 2990.
Total: 2.764900 ms (FindLiveObjects: 0.256100 ms CreateObjectMapping: 0.132100 ms MarkObjects: 2.220400 ms  DeleteObjects: 0.155400 ms)

========================================================================
Received Import Request.
  Time since last request: 85.024445 seconds.
  path: Assets/Project/Sprites/FireBall.png
  artifactKey: Guid(1af99e4110ee00a47aa962dab41085c6) Importer(815301076,1909f56bfc062723c751e8b465ee728b)
Start importing Assets/Project/Sprites/FireBall.png using Guid(1af99e4110ee00a47aa962dab41085c6) Importer(815301076,1909f56bfc062723c751e8b465ee728b)  -> (artifact id: 'da878d8d30e8940c7efd5c8763a79f9a') in 0.132000 seconds
  Import took 0.135815 seconds .

========================================================================
Received Import Request.
  Time since last request: 22.138235 seconds.
  path: Assets/Project/Sprites/FireBall.png
  artifactKey: Guid(1af99e4110ee00a47aa962dab41085c6) Importer(815301076,1909f56bfc062723c751e8b465ee728b)
Start importing Assets/Project/Sprites/FireBall.png using Guid(1af99e4110ee00a47aa962dab41085c6) Importer(815301076,1909f56bfc062723c751e8b465ee728b)  -> (artifact id: 'b298261087ae2b58ed7777a7ac55b5b3') in 0.107280 seconds
  Import took 0.112942 seconds .

========================================================================
Received Import Request.
  Time since last request: 13.633735 seconds.
  path: Assets/Project/Sprites/FireBall.png
  artifactKey: Guid(1af99e4110ee00a47aa962dab41085c6) Importer(815301076,1909f56bfc062723c751e8b465ee728b)
Start importing Assets/Project/Sprites/FireBall.png using Guid(1af99e4110ee00a47aa962dab41085c6) Importer(815301076,1909f56bfc062723c751e8b465ee728b)  -> (artifact id: '372211cec31ccaa14b27a221221c66f5') in 0.099007 seconds
  Import took 0.118763 seconds .

========================================================================
Received Prepare
Registering precompiled user dll's ...
Registered in 0.006512 seconds.
Begin MonoManager ReloadAssembly
Native extension for WindowsStandalone target not found
Native extension for WebGL target not found
Refreshing native plugins compatible for Editor in 0.64 ms, found 3 plugins.
Preloading 0 native plugins for Editor in 0.00 ms.
Mono: successfully reloaded assembly
- Completed reload, in  1.077 seconds
Platform modules already initialized, skipping
Refreshing native plugins compatible for Editor in 0.55 ms, found 3 plugins.
Preloading 0 native plugins for Editor in 0.00 ms.
Unloading 2302 Unused Serialized files (Serialized files now loaded: 0)
System memory in use before: 104.8 MB.
System memory in use after: 104.9 MB.

Unloading 26 unused Assets to reduce memory usage. Loaded Objects now: 2996.
Total: 2.662700 ms (FindLiveObjects: 0.224300 ms CreateObjectMapping: 0.092700 ms MarkObjects: 2.168200 ms  DeleteObjects: 0.176800 ms)

========================================================================
Received Prepare
Registering precompiled user dll's ...
Registered in 0.004854 seconds.
Begin MonoManager ReloadAssembly
Native extension for WindowsStandalone target not found
Native extension for WebGL target not found
Refreshing native plugins compatible for Editor in 0.52 ms, found 3 plugins.
Preloading 0 native plugins for Editor in 0.00 ms.
Mono: successfully reloaded assembly
- Completed reload, in  1.084 seconds
Platform modules already initialized, skipping
Refreshing native plugins compatible for Editor in 0.58 ms, found 3 plugins.
Preloading 0 native plugins for Editor in 0.00 ms.
Unloading 2302 Unused Serialized files (Serialized files now loaded: 0)
System memory in use before: 104.8 MB.
System memory in use after: 104.9 MB.

Unloading 26 unused Assets to reduce memory usage. Loaded Objects now: 3001.
Total: 2.583000 ms (FindLiveObjects: 0.236000 ms CreateObjectMapping: 0.104700 ms MarkObjects: 2.071200 ms  DeleteObjects: 0.170200 ms)

========================================================================
Received Import Request.
  Time since last request: 138.907358 seconds.
  path: Assets/Project/Scenes/VictoryScreen.unity
  artifactKey: Guid(b9e760b7a1699a042bd15a230777f00e) Importer(815301076,1909f56bfc062723c751e8b465ee728b)
Start importing Assets/Project/Scenes/VictoryScreen.unity using Guid(b9e760b7a1699a042bd15a230777f00e) Importer(815301076,1909f56bfc062723c751e8b465ee728b)  -> (artifact id: '5c355d3ebd95ede429861168a9c8fb9c') in 0.015426 seconds
  Import took 0.039303 seconds .

========================================================================
Received Import Request.
  Time since last request: 1221.545110 seconds.
  path: Assets/Project/Scenes/Level1.unity
  artifactKey: Guid(b9f7c89c57c8b3d4498711f159bacefe) Importer(815301076,1909f56bfc062723c751e8b465ee728b)
Start importing Assets/Project/Scenes/Level1.unity using Guid(b9f7c89c57c8b3d4498711f159bacefe) Importer(815301076,1909f56bfc062723c751e8b465ee728b)  -> (artifact id: '091f6a346539311c817d560812380516') in 0.007591 seconds
  Import took 0.015616 seconds .

========================================================================
Received Import Request.
  Time since last request: 0.000445 seconds.
  path: Assets/Project/Scenes/Level1.unity
  artifactKey: Guid(b9f7c89c57c8b3d4498711f159bacefe) Importer(815301076,1909f56bfc062723c751e8b465ee728b)
Start importing Assets/Project/Scenes/Level1.unity using Guid(b9f7c89c57c8b3d4498711f159bacefe) Importer(815301076,1909f56bfc062723c751e8b465ee728b)  -> (artifact id: '091f6a346539311c817d560812380516') in 0.003133 seconds
  Import took 0.007123 seconds .

========================================================================
Received Prepare
Registering precompiled user dll's ...
Registered in 0.007579 seconds.
Begin MonoManager ReloadAssembly
Native extension for WindowsStandalone target not found
Native extension for WebGL target not found
Refreshing native plugins compatible for Editor in 0.51 ms, found 3 plugins.
Preloading 0 native plugins for Editor in 0.00 ms.
Mono: successfully reloaded assembly
- Completed reload, in  1.095 seconds
Platform modules already initialized, skipping
Refreshing native plugins compatible for Editor in 0.58 ms, found 3 plugins.
Preloading 0 native plugins for Editor in 0.00 ms.
Unloading 2302 Unused Serialized files (Serialized files now loaded: 0)
System memory in use before: 104.8 MB.
System memory in use after: 104.9 MB.

Unloading 26 unused Assets to reduce memory usage. Loaded Objects now: 3006.
Total: 2.748500 ms (FindLiveObjects: 0.241400 ms CreateObjectMapping: 0.108100 ms MarkObjects: 2.220200 ms  DeleteObjects: 0.178000 ms)

========================================================================
Received Prepare
Registering precompiled user dll's ...
Registered in 0.007165 seconds.
Begin MonoManager ReloadAssembly
Native extension for WindowsStandalone target not found
Native extension for WebGL target not found
Refreshing native plugins compatible for Editor in 0.51 ms, found 3 plugins.
Preloading 0 native plugins for Editor in 0.00 ms.
Mono: successfully reloaded assembly
- Completed reload, in  1.349 seconds
Platform modules already initialized, skipping
Refreshing native plugins compatible for Editor in 0.53 ms, found 3 plugins.
Preloading 0 native plugins for Editor in 0.00 ms.
Unloading 2302 Unused Serialized files (Serialized files now loaded: 0)
System memory in use before: 104.8 MB.
System memory in use after: 104.9 MB.

Unloading 26 unused Assets to reduce memory usage. Loaded Objects now: 3011.
Total: 2.515100 ms (FindLiveObjects: 0.250600 ms CreateObjectMapping: 0.117200 ms MarkObjects: 1.943200 ms  DeleteObjects: 0.202900 ms)

AssetImportWorkerClient::OnTransportError - code=2 error=End of file
